$ npm install --ignore-scripts

up to date, audited 2 packages in 411ms

found 0 vulnerabilities


exit=0
$ npm run build --silent


exit=0
$ npm run typecheck --silent


exit=0
$ npm run lint --silent
lint: ok


exit=0
$ npm test --silent
✔ amend evaluates sensitive proposal with duplicate approvals as needing more approval (162.494086ms)
✔ amend --apply writes a loadable constitution module (716.935076ms)
✔ amend --apply preserves json constitution format when configured (702.743642ms)
✔ amend --apply preserves commonjs constitution modules when configured (708.182287ms)
✔ authorize projects run-bound governance and invariant evidence into the decision artifact (867.172545ms)
✔ attest sign and verify produce a valid signed claim with exact subject context (856.474244ms)
✔ attest sign rejects subjects outside the repository root (141.605014ms)
✔ authorize ignores attestations that target an older run (998.214142ms)
✔ authorize accepts rollback evidence that is bound to the exact evaluated run (924.035815ms)
✔ authorize denies repository drift after the evaluated run (463.1172ms)
✔ authorize denies empty authorization scope instead of matching grants vacuously (506.602698ms)
✔ init creates starter files in an empty repo (154.727ms)
✔ check treats empty init changeSet.files as all discovered source files (700.637907ms)
✔ check, report, explain, plan, and govern produce aligned artifacts (1153.883877ms)
✔ check persists analysis context and mutation baseline receipts (557.858367ms)
✔ trend keeps deltas visible while surfacing the latest risky invariant provenance (960.209043ms)
✔ trend orders runs by createdAt rather than lexical run id sort (964.140179ms)
✔ check, plan, govern, and authorize accept --config for a nonstandard config file name (1024.985873ms)
✔ materialize exports runtime JSON artifacts and check can run from them with matching verdicts (960.807328ms)
✔ materialize keeps copied diff inputs in a reserved subdirectory so they cannot overwrite canonical artifacts (724.554549ms)
✔ check rejects trust directories that escape the repository root (150.008793ms)
✔ check rejects changeSet files that escape the repository root (150.227384ms)
✔ check rejects coverage paths that escape the repository root (151.903569ms)
✔ check accepts a caller-supplied run id for exact approval binding (244.856882ms)
✔ govern reprojects latest run governance with exact run-bound approvals (398.967019ms)
✔ plan and govern surface run drift after check (864.02875ms)
✔ check assigns nested package files to the deepest matching package (241.800821ms)
✔ check rejects unsafe run ids (149.019267ms)
✔ check rejects changed file overrides that escape the repository root (144.019726ms)
✔ check --help renders usage instead of executing analysis (143.351585ms)
✔ attest sign accepts cwd-relative paths even when --root is also set (697.708366ms)
✔ attest verify keeps signed subject context visible when verification fails (862.307437ms)
✔ check writes the same attestation verification framing used by the CLI verify path (1101.145788ms)
✔ attest verify rejects signed artifactName drift instead of masking it with the subject path (810.176294ms)
✔ attest verify keeps run-scoped context for nested artifacts under a run directory (857.505415ms)
✔ attest verify supports machine-readable json output (846.720613ms)
✔ attest verify reports malformed input through the canonical record instead of a raw syntax error (151.07742ms)
✔ attest verify fails fast when the requested attestation file is unreadable (146.441289ms)
✔ attest verify rejects run metadata on non-run-scoped subjects (153.970485ms)
✔ attest verify rejects control characters in signed subject metadata instead of rendering forged lines (147.021676ms)
✔ check quarantines malformed attestation files instead of crashing (563.664609ms)
✔ check quarantines unreadable attestation files instead of crashing (567.496414ms)
✔ check quarantines schema-invalid attestation files instead of crashing (563.076249ms)
✔ loadContext accepts ts-quality.config.mjs (5.516303ms)
✔ loadContext applies expanded default test discovery patterns (0.748461ms)
✔ loadContext accepts custom mutation runtime mirror roots (0.591465ms)
✔ loadContext reads data-only cjs config without executing it (1.641413ms)
✔ loadContext accepts computed property names backed by top-level const bindings (0.954464ms)
✔ loadContext rejects executable ts config expressions (0.639287ms)
✔ loadInvariants rejects executable module bodies (1.612889ms)
✔ loadContext rejects coverage paths that escape the repository root (0.293444ms)
✔ loadContext rejects changeSet files that escape the repository root (0.36394ms)
✔ loadContext rejects runtime mirror roots that escape the repository root (0.35002ms)
✔ loadContext rejects an empty mutation test command (0.226092ms)
✔ parseLcov reads coverage entries (4.738897ms)
✔ crapScore increases with lower coverage (0.151529ms)
✔ analyzeCrap marks changed functions (5.701674ms)
✔ analyzeSource narrows changed functions to diff hunks within a changed file (0.530492ms)
✔ analyzeSource prefers exact LCOV matches over suffix collisions (0.286874ms)
✔ normalizePath is idempotent and slash-stable (0.602501ms)
✔ matchPattern supports path prefixes and globs (0.281506ms)
✔ stableStringify sorts object keys deterministically (4.167704ms)
✔ parseUnifiedDiff returns changed regions (0.738988ms)
✔ collectSourceFiles includes mjs and cjs inputs (0.644615ms)
✔ assertSafeRunId rejects path-like values (0.210328ms)
✔ resolveRepoLocalPath rejects symlink escapes outside the repository root (0.453416ms)
✔ concise operator outputs keep stable provenance framing (563.128678ms)
✔ authorization sample keeps exact run-bound evidence context (701.629918ms)
✔ attestation verification sample keeps exact signed subject context (1106.758085ms)
✔ evaluateGovernance catches extensionless forbidden imports (7.00935ms)
✔ evaluateGovernance catches forbidden imports resolved through tsconfig path aliases (4.659598ms)
✔ evaluateGovernance resolves aliases from the nearest package tsconfig in nested repos (1.194968ms)
✔ evaluateGovernance catches forbidden dynamic imports (0.545736ms)
✔ approval rules count only unique targeted approvals (0.412454ms)
✔ approval rules accept exact run-targeted approvals when runId is provided (0.136827ms)
✔ ownership rules require owner approval or an allowed agent approval (0.265562ms)
✔ evaluateInvariants produces obligations for missing failure-path tests (328.049714ms)
✔ evaluateInvariants ignores unrelated mjs tests even if they contain the right keywords (1.226755ms)
✔ evaluateInvariants accepts focused mjs tests aligned to the impacted file (1.636445ms)
✔ evaluateInvariants requires a single focused test witness for a scenario (0.641079ms)
✔ evaluateInvariants marks requiredTestPatterns evidence as explicit (0.540287ms)
✔ signAttestation and verifyAttestation round-trip (6.903641ms)
✔ authorizeChange requires override grants to match the overridden scope (0.606437ms)
✔ evaluateAmendment enforces maintainer approvals and evidence (0.238852ms)
✔ evaluateAmendment counts only unique approvers targeting the proposal id (0.488008ms)
✔ evaluatePolicy reduces confidence for survivors and low mutation score (0.968675ms)
✔ evaluatePolicy applies active waivers (0.266533ms)
✔ evaluatePolicy blocks when the mutation baseline is not green (0.134524ms)
✔ renderPrSummary projects concise invariant evidence provenance for the risky claim (0.413665ms)
✔ normalizePath property seed 1 (0.65417ms)
✔ normalizePath property seed 2 (0.117598ms)
✔ normalizePath property seed 3 (0.123076ms)
✔ normalizePath property seed 4 (0.063366ms)
✔ normalizePath property seed 5 (0.065188ms)
✔ normalizePath property seed 6 (0.11292ms)
✔ normalizePath property seed 7 (0.066811ms)
✔ normalizePath property seed 8 (0.052099ms)
✔ stableStringify round-trips random objects (4.627038ms)
✔ discoverMutationSites finds boolean and operator mutations (10.604428ms)
✔ applyMutation replaces exact span instead of first matching line fragment (0.11294ms)
✔ runMutations writes manifest and reuses cached results (389.51902ms)
✔ discoverMutationSites honors diff hunks within changed files (0.963387ms)
✔ discoverMutationSites skips lines without coverage evidence when coveredOnly is true (0.529481ms)
✔ runMutations requires a passing baseline before trusting mutation results (21.328968ms)
✔ runMutations invalidates manifest entries when the test corpus changes (60.038142ms)
✔ runMutations mutates mirrored dist runtime files so dist-backed tests observe the mutant (147.894917ms)
✔ runMutations transpiles mutated ts sources into mirrored runtime roots for dist-backed tests (166.895223ms)
✔ runMutations supports custom runtime mirror roots for built output outside dist (151.601984ms)
✔ runMutations mirrors root-level sources into configured built runtime roots (145.857896ms)
✔ runMutations ignores inherited NODE_TEST_CONTEXT and keeps mutation outcomes deterministic (773.112699ms)
ℹ tests 110
ℹ suites 0
ℹ pass 110
ℹ fail 0
ℹ cancelled 0
ℹ skipped 0
ℹ todo 0
ℹ duration_ms 17368.659805


exit=0
$ npm run sample-artifacts --silent
sample-artifacts: ok -> /home/tryinget/ai-society/softwareco/owned/ts-quality/examples/artifacts/governed-app


exit=0
$ npm run sample-artifacts --silent
sample-artifacts: ok -> /home/tryinget/ai-society/softwareco/owned/ts-quality/examples/artifacts/governed-app


exit=0
$ npm run smoke --silent
smoke: ok


exit=0